<?xml version="1.0" encoding="UTF-8"?>
<!-- Generated by org.testng.reporters.JUnitReportReporter -->
<testsuite skipped="0" hostname="LAPTOP-PV916JRB" name="com.API.runner.API_Runner" tests="1" failures="0" timestamp="25 Nov 2020 20:45:59 GMT" time="18.215" errors="0">
  <testcase name="feature" time="18.215" classname="com.API.runner.API_Runner"/>
</testsuite> <!-- com.API.runner.API_Runner -->
