<?xml version="1.0" encoding="UTF-8"?>
<!-- Generated by org.testng.reporters.JUnitReportReporter -->
<testsuite skipped="0" hostname="DESKTOP-QQ4TF69" name="com.API.runner.API_Runner" tests="1" failures="0" timestamp="25 Nov 2020 19:18:43 GMT" time="13.278" errors="0">
  <testcase name="feature" time="13.278" classname="com.API.runner.API_Runner"/>
</testsuite> <!-- com.API.runner.API_Runner -->
